0 info it worked if it ends with ok
1 verbose cli [ 'C:\\Program Files (x86)\\nodejs\\node.exe',
1 verbose cli   'C:\\Program Files (x86)\\nodejs\\node_modules\\npm\\bin\\npm-cli.js',
1 verbose cli   'run',
1 verbose cli   'audit' ]
2 info using npm@3.10.9
3 info using node@v7.1.0
4 verbose run-script [ 'preaudit', 'audit', 'postaudit' ]
5 info lifecycle CISWEBRequest@1.0.0~preaudit: CISWEBRequest@1.0.0
6 silly lifecycle CISWEBRequest@1.0.0~preaudit: no script for preaudit, continuing
7 info lifecycle CISWEBRequest@1.0.0~audit: CISWEBRequest@1.0.0
8 verbose lifecycle CISWEBRequest@1.0.0~audit: unsafe-perm in lifecycle true
9 verbose lifecycle CISWEBRequest@1.0.0~audit: PATH: C:\Program Files (x86)\nodejs\node_modules\npm\bin\node-gyp-bin;C:\pragwebDev\CISWEBRequest\node_modules\.bin;C:\ProgramData\Oracle\Java\javapath;C:\Program Files (x86)\NVIDIA Corporation\PhysX\Common;c:\Program Files (x86)\Intel\iCLS Client\;c:\Program Files\Intel\iCLS Client\;C:\Windows\system32;C:\Windows;C:\Windows\System32\Wbem;C:\Windows\System32\WindowsPowerShell\v1.0\;C:\Program Files\Intel\Intel(R) Management Engine Components\DAL;C:\Program Files\Intel\Intel(R) Management Engine Components\IPT;C:\Program Files (x86)\Intel\Intel(R) Management Engine Components\DAL;C:\Program Files (x86)\Intel\Intel(R) Management Engine Components\IPT;C:\Program Files\Intel\WiFi\bin\;C:\Program Files\Common Files\Intel\WirelessCommon\;C:\Program Files\Microsoft SQL Server\Client SDK\ODBC\110\Tools\Binn\;C:\Program Files (x86)\Microsoft SQL Server\120\Tools\Binn\;C:\Program Files\Microsoft SQL Server\120\Tools\Binn\;C:\Program Files\Microsoft SQL Server\120\DTS\Binn\;C:\Program Files\Microsoft SQL Server\110\Tools\Binn\;C:\Windows\system32\config\systemprofile\.dnx\bin;C:\Program Files\Microsoft DNX\Dnvm\;C:\Program Files (x86)\Microsoft Team Foundation Server 2015 Power Tools\;C:\Program Files (x86)\Microsoft SQL Server\120\Tools\Binn\ManagementStudio\;C:\Program Files (x86)\Microsoft SQL Server\120\DTS\Binn\;C:\Program Files (x86)\Microsoft Visual Studio 12.0\Common7\IDE\PrivateAssemblies\;C:\Program Files (x86)\Windows Kits\10\Windows Performance Toolkit\;C:\Program Files (x86)\Windows Kits\8.1\Windows Performance Toolkit\;C:\Program Files\Microsoft\Web Platform Installer\;C:\Program Files (x86)\Microsoft ASP.NET\ASP.NET Web Pages\v1.0\;C:\Program Files (x86)\Windows Live\Shared;C:\Program Files (x86)\Skype\Phone\;C:\Program Files\Microsoft SQL Server\130\Tools\Binn\;C:\Program Files (x86)\Microsoft Emulator Manager\1.0\;C:\Program Files (x86)\nodejs\;C:\Program Files\Git\cmd;C:\Users\DenzilW\.dnx\bin;C:\Users\DenzilW\AppData\Roaming\npm;C:\Program Files (x86)\Microsoft VS Code\bin
10 verbose lifecycle CISWEBRequest@1.0.0~audit: CWD: C:\pragwebDev\CISWEBRequest
11 silly lifecycle CISWEBRequest@1.0.0~audit: Args: [ '/d /s /c',
11 silly lifecycle   'gulp clean:coverage && gulp audit:all && gulp test:coverage && gulp build:all && gulp test:e2e && gulp test:generate-report && gulp serve:coverage-report' ]
12 silly lifecycle CISWEBRequest@1.0.0~audit: Returned: code: 1  signal: null
13 info lifecycle CISWEBRequest@1.0.0~audit: Failed to exec audit script
14 verbose stack Error: CISWEBRequest@1.0.0 audit: `gulp clean:coverage && gulp audit:all && gulp test:coverage && gulp build:all && gulp test:e2e && gulp test:generate-report && gulp serve:coverage-report`
14 verbose stack Exit status 1
14 verbose stack     at EventEmitter.<anonymous> (C:\Program Files (x86)\nodejs\node_modules\npm\lib\utils\lifecycle.js:255:16)
14 verbose stack     at emitTwo (events.js:106:13)
14 verbose stack     at EventEmitter.emit (events.js:191:7)
14 verbose stack     at ChildProcess.<anonymous> (C:\Program Files (x86)\nodejs\node_modules\npm\lib\utils\spawn.js:40:14)
14 verbose stack     at emitTwo (events.js:106:13)
14 verbose stack     at ChildProcess.emit (events.js:191:7)
14 verbose stack     at maybeClose (internal/child_process.js:885:16)
14 verbose stack     at Process.ChildProcess._handle.onexit (internal/child_process.js:226:5)
15 verbose pkgid CISWEBRequest@1.0.0
16 verbose cwd C:\pragwebDev\CISWEBRequest
17 error Windows_NT 6.3.9600
18 error argv "C:\\Program Files (x86)\\nodejs\\node.exe" "C:\\Program Files (x86)\\nodejs\\node_modules\\npm\\bin\\npm-cli.js" "run" "audit"
19 error node v7.1.0
20 error npm  v3.10.9
21 error code ELIFECYCLE
22 error CISWEBRequest@1.0.0 audit: `gulp clean:coverage && gulp audit:all && gulp test:coverage && gulp build:all && gulp test:e2e && gulp test:generate-report && gulp serve:coverage-report`
22 error Exit status 1
23 error Failed at the CISWEBRequest@1.0.0 audit script 'gulp clean:coverage && gulp audit:all && gulp test:coverage && gulp build:all && gulp test:e2e && gulp test:generate-report && gulp serve:coverage-report'.
23 error Make sure you have the latest version of node.js and npm installed.
23 error If you do, this is most likely a problem with the CISWEBRequest package,
23 error not with npm itself.
23 error Tell the author that this fails on your system:
23 error     gulp clean:coverage && gulp audit:all && gulp test:coverage && gulp build:all && gulp test:e2e && gulp test:generate-report && gulp serve:coverage-report
23 error You can get information on how to open an issue for this project with:
23 error     npm bugs CISWEBRequest
23 error Or if that isn't available, you can get their info via:
23 error     npm owner ls CISWEBRequest
23 error There is likely additional logging output above.
24 verbose exit [ 1, true ]
